Sencha Cmd 7.8.0.59 - Crash report
================================================
An error occurred while executing the following command: -version

Diagnostic information:
=======================
                         app.archivePath : archive                                           
                      app.bootstrap.base : C:\Users\Administrator\Documents\arch\ext-project4\QuickStart-master
                       app.bootstrap.css : bootstrap.css                                     
               app.bootstrap.microloader : bootstrap.js                                      
                        app.cache.deltas : true                                              
                        app.cache.enable : false                                             
                           app.classpath : app                                               
                         app.classpath.0 : app                                               
                    app.classpath.length : 1                                                 
                          app.compressor : null                                              
                          app.config.dir : C:\Users\Administrator\bin\Sencha\Cmd\7.8.0.59\ant\build\app
                app.cordova.cache.enable : false                                             
                   app.cordova.config.id : com.domain.QuickStart                             
                 app.cordova.config.name : QuickStart                                        
                 app.cordova.config.path : C:\Users\Administrator\Documents\arch\ext-project4\QuickStart-master/cordova
               app.cordova.config.target :                                                   
              app.cordova.config.verbose : false                                             
                   app.cordova.js.0.path : cordova.js                                        
               app.cordova.js.0.priority : 1000                                              
                 app.cordova.js.0.remote : true                                              
                   app.cordova.js.length : 1                                                 
                 app.cordova.microloader : C:\Users\Administrator\bin\Sencha\Cmd\7.8.0.59\ant\build\app/Microloader.js
      app.cordova.output.appCache.enable : false                                             
                 app.cordova.output.base : C:\Users\Administrator\Documents\arch\ext-project4\QuickStart-master/cordova/www
             app.cordova.output.manifest : ${build.id}.json                                  
                 app.cordova.output.page : index.html                                        
                    app.development.tags :                                                   
             app.development.tags.length : 0                                                 
                                 app.dir : C:\Users\Administrator\Documents\arch\ext-project4\QuickStart-master
              app.fashion.inliner.enable : false                                             
                           app.framework : ext                                               
                                  app.id : 9b26bc93-57e1-4173-910f-d75951525cfc              
                       app.indexHtmlPath : index.html                                        
                        app.loader.cache : false                                             
                   app.loader.cacheParam : _dc                                               
                                app.name : QuickStart                                        
              app.output.appCache.enable : false                                             
                         app.output.base : C:\Users\Administrator\Documents\arch\ext-project4\QuickStart-master/build/${build.environment}/QuickStart
           app.output.microloader.enable : true                                              
                           app.overrides : overrides                                         
                         app.overrides.0 : overrides                                         
                    app.overrides.length : 1                                                 
               app.phonegap.cache.enable : false                                             
                  app.phonegap.config.id : com.domain.QuickStart                             
                app.phonegap.config.name : QuickStart                                        
                app.phonegap.config.path : C:\Users\Administrator\Documents\arch\ext-project4\QuickStart-master/phonegap
              app.phonegap.config.remote : false                                             
             app.phonegap.config.verbose : false                                             
                  app.phonegap.js.0.path : cordova.js                                        
              app.phonegap.js.0.priority : 1000                                              
                app.phonegap.js.0.remote : true                                              
                  app.phonegap.js.length : 1                                                 
                app.phonegap.microloader : C:\Users\Administrator\bin\Sencha\Cmd\7.8.0.59\ant\build\app/Microloader.js
     app.phonegap.output.appCache.enable : false                                             
                app.phonegap.output.base : C:\Users\Administrator\Documents\arch\ext-project4\QuickStart-master/phonegap/www
            app.phonegap.output.manifest : ${build.id}.json                                  
                app.phonegap.output.page : index.html                                        
             app.production.cache.enable : true                                              
          app.production.compressor.type : yui                                               
             app.production.loader.cache : ${build.timestamp}                                
   app.production.output.appCache.enable : true                                              
     app.production.output.appCache.path : cache.appcache                                    
                            app.sass.etc : sass/etc/all.scss                                 
                          app.sass.etc.0 : sass/etc/all.scss                                 
                     app.sass.etc.length : 1                                                 
                      app.sass.namespace : QuickStart                                        
                            app.sass.src : sass/src                                          
                          app.sass.src.0 : sass/src                                          
                     app.sass.src.length : 1                                                 
                            app.sass.var : sass/var/all.scss,sass/var                        
                          app.sass.var.0 : sass/var/all.scss                                 
                          app.sass.var.1 : sass/var                                          
                     app.sass.var.length : 2                                                 
                 app.slicer.cache.enable : false                                             
        app.slicer.js.0.isWidgetManifest : true                                              
                    app.slicer.js.0.path : C:\Users\Administrator\Documents\arch\ext-project4\QuickStart-master/sass/example/custom.js
                    app.slicer.js.length : 1                                                 
       app.slicer.output.appCache.enable : false                                             
                               app.theme : theme-material                                    
                             app.toolkit : modern                                            
                             app.version : 1.0.0.0                                           
                    buildenvironment.dir : C:\Users\Administrator\Documents\arch\ext-project4\QuickStart-master
               buildenvironment.load.dir : C:\Users\Administrator\Documents\arch\ext-project4\QuickStart-master
                          cmd.config.dir : C:\Users\Administrator\bin\Sencha\Cmd\7.8.0.59    
                                 cmd.dir : C:\Users\Administrator\bin\Sencha\Cmd\7.8.0.59    
              cmd.merge.tool.args.araxis : -wait -merge -3 -a1 {base} {user} {generated} {out}
              cmd.merge.tool.args.kdiff3 : {base} {user} {generated} -o {out}                
             cmd.merge.tool.args.p4merge : {base} {user} {generated} {out}                   
           cmd.merge.tool.args.smartsync : {user} {generated} {base}                         
          cmd.merge.tool.args.sourcegear : --merge --result={out} {user} {base} {generated}  
            cmd.merge.tool.args.tortoise : -base:{base} -theirs:{generated} -mine:{user} -merged:{out}
                              cmd.minver : 3.0.0.0                                           
                            cmd.platform : windows                                           
                     cmd.unicode.escapes : C:\Users\Administrator\bin\Sencha\Cmd\7.8.0.59/unicode-escapes.json
                             cmd.version : 7.8.0.59                                          
                            cmd.web.port : 1841                                              
                       inspector.address : http://localhost:1839/                            
                            minimal.mode : true                                              
                          repo.local.dir : C:\Users\Administrator\bin\Sencha\Cmd\repo        
                       shared.sencha.dir : true                                              
        system.java.net.useSystemProxies : true                                              
                              theme.name : theme-material                                    
                            toolkit.name : modern                                            
                     workspace.build.dir : C:\Users\Administrator\Documents\arch\ext-project4\QuickStart-master/build
                    workspace.config.dir : C:\Users\Administrator\bin\Sencha\Cmd\7.8.0.59\ant\build\workspace
                           workspace.dir : C:\Users\Administrator\Documents\arch\ext-project4\QuickStart-master
           workspace.frameworks.ext.path : C:\Users\Administrator\Documents\arch\ext-project4\QuickStart-master\ext
        workspace.frameworks.ext.version : 7.8.0.59                                          
                  workspace.packages.dir : C:\Users\Administrator\Documents\arch\ext-project4\QuickStart-master/packages/local,C:\Users\Administrator\Documents\arch\ext-project4\QuickStart-master/packages
              workspace.packages.extract : C:\Users\Administrator\Documents\arch\ext-project4\QuickStart-master/packages/remote

Exception information:
=======================
No such property : version
     at com.sencha.cli.AbstractCommand$Properties.getProperty(AbstractCommand.java:444)
     at com.sencha.cli.AbstractCommand.parseConfigParam(AbstractCommand.java:468)
     at com.sencha.cli.AbstractCommand.processConfigParam(AbstractCommand.java:518)
     at com.sencha.cli.AbstractCommand.configure(AbstractCommand.java:114)
     at com.sencha.command.Sencha.main(Sencha.java:140)
     at sun.reflect.NativeMethodAccessorImpl.invoke0(Native Method)
     at sun.reflect.NativeMethodAccessorImpl.invoke(NativeMethodAccessorImpl.java:62)
     at sun.reflect.DelegatingMethodAccessorImpl.invoke(DelegatingMethodAccessorImpl.java:43)
     at java.lang.reflect.Method.invoke(Method.java:498)
     at com.exe4j.runtime.LauncherEngine.launch(LauncherEngine.java:84)
     at com.exe4j.runtime.WinLauncher.main(WinLauncher.java:94)
     at com.install4j.runtime.launcher.WinLauncher.main(WinLauncher.java:25)

